  Agent.cpp
C:\Users\User\source\repos\Motor2\Motor\Agent.cpp(13,28): warning C4244: 'argumento': conversión de 'T' a 'const unsigned int'; posible pérdida de datos
          with
          [
              T=float
          ]
C:\Users\User\source\repos\Motor2\Motor\Agent.cpp(13,41): warning C4244: 'argumento': conversión de 'T' a 'const unsigned int'; posible pérdida de datos
          with
          [
              T=float
          ]
  Human.cpp
C:\Users\User\source\repos\Motor2\Motor\Human.cpp(20,39): warning C4244: 'argumento': conversión de 'time_t' a 'unsigned int'; posible pérdida de datos
C:\Users\User\source\repos\Motor2\Motor\Human.cpp(33,39): warning C4244: 'argumento': conversión de 'time_t' a 'unsigned int'; posible pérdida de datos
  Level.cpp
C:\Users\User\source\repos\Motor2\Motor\Level.cpp(57,26): warning C4244: '=': conversión de 'size_t' a 'T'; posible pérdida de datos
          with
          [
              T=float
          ]
C:\Users\User\source\repos\Motor2\Motor\Level.cpp(58,26): warning C4244: '=': conversión de 'size_t' a 'T'; posible pérdida de datos
          with
          [
              T=float
          ]
  MainGame.cpp
C:\Users\User\source\repos\Motor2\Motor\MainGame.cpp(29,61): warning C4244: 'argumento': conversión de 'Sint32' a 'float'; posible pérdida de datos
C:\Users\User\source\repos\Motor2\Motor\MainGame.cpp(29,45): warning C4244: 'argumento': conversión de 'Sint32' a 'float'; posible pérdida de datos
C:\Users\User\source\repos\Motor2\Motor\MainGame.cpp(104,32): warning C4244: 'argumento': conversión de 'time_t' a 'unsigned int'; posible pérdida de datos
C:\Users\User\source\repos\Motor2\Motor\MainGame.cpp(110,23): warning C4018: '<': no coinciden signed/unsigned
C:\Users\User\source\repos\Motor2\Motor\MainGame.cpp(117,23): warning C4018: '<': no coinciden signed/unsigned
  Player.cpp
  Zombie.cpp
C:\Users\User\source\repos\Motor2\Motor\Zombie.cpp(20,39): warning C4244: 'argumento': conversión de 'time_t' a 'unsigned int'; posible pérdida de datos
C:\Users\User\source\repos\Motor2\Motor\Zombie.cpp(33,39): warning C4244: 'argumento': conversión de 'time_t' a 'unsigned int'; posible pérdida de datos
  main.cpp
  Generando código...
  Motor.vcxproj -> C:\Users\User\source\repos\Motor2\Debug\Motor.exe
